2021-12-03 15:35:37 - INFO - "GET / HTTP/1.1" 200 1219
2021-12-03 15:35:37 - INFO - "GET /static/style.css HTTP/1.1" 200 648
2021-12-03 16:32:23 - INFO - "GET / HTTP/1.1" 200 1219
2021-12-03 16:32:23 - INFO - "GET /static/style.css HTTP/1.1" 304 0
2021-12-03 16:32:23 - INFO - "GET /favicon.ico HTTP/1.1" 200 1739
2021-12-03 16:32:23 - WARNING - "GET /todos HTTP/1.1" 404 1536
2021-12-03 16:32:53 - INFO - "GET /todos HTTP/1.1" 200 433
2021-12-03 16:32:53 - INFO - "GET /todos/1 HTTP/1.1" 200 147
2021-12-03 16:32:53 - INFO - "GET /todos/2 HTTP/1.1" 200 139
2021-12-03 16:32:53 - INFO - "GET /todos/3 HTTP/1.1" 200 141
2021-12-03 16:32:53 - INFO - "GET /todos HTTP/1.1" 200 433
2021-12-03 16:43:05 - INFO - "POST /todos HTTP/1.1" 200 141
2021-12-03 16:43:05 - INFO - "GET /todos HTTP/1.1" 200 576
2021-12-03 16:43:05 - INFO - "GET /favicon.ico HTTP/1.1" 304 0
2021-12-03 16:48:13 - INFO - "PUT /todos/4 HTTP/1.1" 200 145
2021-12-03 16:48:13 - INFO - "GET /todos HTTP/1.1" 200 578
2021-12-03 16:48:13 - INFO - "GET /favicon.ico HTTP/1.1" 304 0
2021-12-03 16:50:30 - INFO - "DELETE /todos/4 HTTP/1.1" 200 145
2021-12-03 16:50:30 - INFO - "GET /todos HTTP/1.1" 200 433
2021-12-03 16:50:30 - INFO - "GET /favicon.ico HTTP/1.1" 304 0
